<?xml version="1.0" encoding="UTF-8"?>
<!-- Generated by org.testng.reporters.JUnitReportReporter -->
<testsuite hostname="Ammu" failures="0" tests="1" name="jewelleryprize.DWS_Prize_07_Test" time="1.995" errors="0" timestamp="2023-11-02T14:33:32 IST" skipped="0">
  <testcase classname="jewelleryprize.DWS_Prize_07_Test" name="Verify_whether_the_product_is_displaying_according_to_filter_by_prize" time="1.995"/>
</testsuite> <!-- jewelleryprize.DWS_Prize_07_Test -->
