<?xml version="1.0" encoding="UTF-8"?>
<!-- Generated by org.testng.reporters.JUnitReportReporter -->
<testsuite hostname="Ammu" failures="0" tests="2" name="login.DWS_Login_01_Test" time="4.597" errors="0" timestamp="2023-11-02T14:27:42 IST" skipped="0">
  <testcase classname="login.DWS_Login_01_Test" name="Login_to_application_with_valid_credentials" time="2.087"/>
  <testcase classname="login.DWS_Login_01_Test" name="Login_to_application_with_valid_credentials" time="2.510"/>
</testsuite> <!-- login.DWS_Login_01_Test -->
