<?xml version="1.0" encoding="UTF-8"?>
<!-- Generated by org.testng.reporters.JUnitReportReporter -->
<testsuite hostname="Ammu" failures="0" tests="1" name="jewellery.DWS_Jewellery_09_Test" time="3.274" errors="0" timestamp="2023-11-03T12:53:26 IST" skipped="0">
  <testcase classname="jewellery.DWS_Jewellery_09_Test" name="Add_Product_to_wishlist_from_jewellery" time="3.274"/>
</testsuite> <!-- jewellery.DWS_Jewellery_09_Test -->
