<?xml version="1.0" encoding="UTF-8"?>
<!-- Generated by org.testng.reporters.JUnitReportReporter -->
<testsuite hostname="Ammu" failures="0" tests="1" name="registration.DWS_Register_02_Test" time="1.806" errors="0" timestamp="2023-11-02T14:27:42 IST" skipped="0">
  <testcase classname="registration.DWS_Register_02_Test" name="Register_to_the_application_with_valid_credentials" time="1.806"/>
</testsuite> <!-- registration.DWS_Register_02_Test -->
