<?xml version="1.0" encoding="UTF-8"?>
<!-- Generated by org.testng.reporters.JUnitReportReporter -->
<testsuite hostname="Ammu" failures="0" tests="1" name="electronicsemailfriend.DWS_Electronics_08_Test" time="5.620" errors="0" timestamp="2023-11-02T14:27:42 IST" skipped="0">
  <testcase classname="electronicsemailfriend.DWS_Electronics_08_Test" name="Verify_whether_user_is_getting_error_message_while_sending_email" time="5.620"/>
</testsuite> <!-- electronicsemailfriend.DWS_Electronics_08_Test -->
