<?xml version="1.0" encoding="UTF-8"?>
<!-- Generated by org.testng.reporters.JUnitReportReporter -->
<testsuite hostname="Ammu" failures="0" tests="1" name="homepage.DWS_Home_03_Test" time="1.889" errors="0" timestamp="2023-11-03T12:53:26 IST" skipped="0">
  <testcase classname="homepage.DWS_Home_03_Test" name="Add_the_Product_to_Cart_from_Home_page" time="1.889"/>
</testsuite> <!-- homepage.DWS_Home_03_Test -->
