<?xml version="1.0" encoding="UTF-8"?>
<!-- Generated by org.testng.reporters.JUnitReportReporter -->
<testsuite hostname="Ammu" failures="0" tests="2" name="frameworkWorkCheck.ExcelUtilityCheck" time="0.042" errors="0" timestamp="2023-10-30T14:34:21 IST" skipped="0">
  <testcase classname="frameworkWorkCheck.ExcelUtilityCheck" name="read" time="0.017"/>
  <testcase classname="frameworkWorkCheck.ExcelUtilityCheck" name="read" time="0.025"/>
</testsuite> <!-- frameworkWorkCheck.ExcelUtilityCheck -->
