<?xml version="1.0" encoding="UTF-8"?>
<!-- Generated by org.testng.reporters.JUnitReportReporter -->
<testsuite hostname="Ammu" failures="0" tests="1" name="books.DWS_Books_04_Test" time="7.569" errors="0" timestamp="2023-11-04T15:13:20 IST" skipped="0">
  <testcase classname="books.DWS_Books_04_Test" name="Add_the_product_from_Book_link_and_check_whether_the_product_is_being_added_to_cart" time="7.569"/>
</testsuite> <!-- books.DWS_Books_04_Test -->
