<?xml version="1.0" encoding="UTF-8"?>
<!-- Generated by org.testng.reporters.JUnitReportReporter -->
<testsuite hostname="Ammu" failures="0" tests="1" name="jewellery.DWS_JewelleryWishlist_10_Test" time="6.139" errors="0" timestamp="2023-11-02T14:33:32 IST" skipped="0">
  <testcase classname="jewellery.DWS_JewelleryWishlist_10_Test" name="Remove_Product_From_wishlist" time="6.139"/>
</testsuite> <!-- jewellery.DWS_JewelleryWishlist_10_Test -->
