<?xml version="1.0" encoding="UTF-8"?>
<!-- Generated by org.testng.reporters.JUnitReportReporter -->
<testsuite hostname="Ammu" failures="0" tests="1" name="computers.DWS_Computers_06_Test" time="11.470" errors="0" timestamp="2023-11-02T14:33:32 IST" skipped="0">
  <testcase classname="computers.DWS_Computers_06_Test" name="Remove_the_product_from_compare_list" time="11.470"/>
</testsuite> <!-- computers.DWS_Computers_06_Test -->
